d:\onedrive - sejong university\학교\3-1\데이터베이스\연습\mfcapplication1\x64\debug\mfcapplication1.pch
d:\onedrive - sejong university\학교\3-1\데이터베이스\연습\mfcapplication1\x64\debug\vc143.pdb
d:\onedrive - sejong university\학교\3-1\데이터베이스\연습\mfcapplication1\x64\debug\vc143.idb
d:\onedrive - sejong university\학교\3-1\데이터베이스\연습\mfcapplication1\x64\debug\pch.obj
d:\onedrive - sejong university\학교\3-1\데이터베이스\연습\mfcapplication1\x64\debug\mfcapplication1dlg.obj
d:\onedrive - sejong university\학교\3-1\데이터베이스\연습\mfcapplication1\x64\debug\dbconnect.obj
d:\onedrive - sejong university\학교\3-1\데이터베이스\연습\mfcapplication1\x64\debug\signupdlg.obj
d:\onedrive - sejong university\학교\3-1\데이터베이스\연습\mfcapplication1\x64\debug\mfcapplication1.obj
d:\onedrive - sejong university\학교\3-1\데이터베이스\연습\mfcapplication1\x64\debug\mfcapplication1.exe
d:\onedrive - sejong university\학교\3-1\데이터베이스\연습\mfcapplication1\x64\debug\mfcapplication1.ilk
d:\onedrive - sejong university\학교\3-1\데이터베이스\연습\mfcapplication1\x64\debug\mfcapplication1.pdb
d:\onedrive - sejong university\학교\3-1\데이터베이스\연습\mfcapplication1\x64\debug\mfcapplication1.res
d:\onedrive - sejong university\학교\3-1\데이터베이스\연습\mfcapplication1\x64\debug\mfcapplication1.tlog\cl.command.1.tlog
d:\onedrive - sejong university\학교\3-1\데이터베이스\연습\mfcapplication1\x64\debug\mfcapplication1.tlog\cl.items.tlog
d:\onedrive - sejong university\학교\3-1\데이터베이스\연습\mfcapplication1\x64\debug\mfcapplication1.tlog\cl.read.1.tlog
d:\onedrive - sejong university\학교\3-1\데이터베이스\연습\mfcapplication1\x64\debug\mfcapplication1.tlog\cl.write.1.tlog
d:\onedrive - sejong university\학교\3-1\데이터베이스\연습\mfcapplication1\x64\debug\mfcapplication1.tlog\link.command.1.tlog
d:\onedrive - sejong university\학교\3-1\데이터베이스\연습\mfcapplication1\x64\debug\mfcapplication1.tlog\link.read.1.tlog
d:\onedrive - sejong university\학교\3-1\데이터베이스\연습\mfcapplication1\x64\debug\mfcapplication1.tlog\link.write.1.tlog
d:\onedrive - sejong university\학교\3-1\데이터베이스\연습\mfcapplication1\x64\debug\mfcapplication1.tlog\rc.command.1.tlog
d:\onedrive - sejong university\학교\3-1\데이터베이스\연습\mfcapplication1\x64\debug\mfcapplication1.tlog\rc.read.1.tlog
d:\onedrive - sejong university\학교\3-1\데이터베이스\연습\mfcapplication1\x64\debug\mfcapplication1.tlog\rc.write.1.tlog
